<?xml version="1.0" encoding="UTF-8"?>
<!-- Generated by org.testng.reporters.JUnitReportReporter -->
<testsuite hostname="LAPTOP-68TH5204" failures="0" tests="1" name="testcases.AmazonLoginTest" time="0.000" errors="0" timestamp="2025-09-28T12:33:25 IST" skipped="1">
  <testcase classname="testcases.AmazonLoginTest" name="amazonLogin" time="0.000">
    <skipped/>
  </testcase> <!-- amazonLogin -->
  <system-out/>
</testsuite> <!-- testcases.AmazonLoginTest -->
