<?xml version="1.0" encoding="UTF-8"?>
<!-- Generated by org.testng.reporters.JUnitReportReporter -->
<testsuite hostname="LAPTOP-68TH5204" failures="0" tests="1" name="base.TestBase" time="5.172" errors="0" timestamp="2025-07-22T11:04:14 GST" skipped="0">
  <testcase classname="base.TestBase" name="initialization" time="5.172"/>
  <system-out/>
</testsuite> <!-- base.TestBase -->
