<?xml version="1.0" encoding="UTF-8"?>
<!-- Generated by org.testng.reporters.JUnitReportReporter -->
<testsuite hostname="LAPTOP-68TH5204" failures="0" tests="1" name="testcase5.AmazonProductDetailsTest" time="0.000" errors="0" timestamp="2025-09-28T11:16:48 IST" skipped="1">
  <testcase classname="testcase5.AmazonProductDetailsTest" name="VerifyProductDetailsAndAddToCart" time="0.000">
    <skipped/>
  </testcase> <!-- VerifyProductDetailsAndAddToCart -->
  <system-out/>
</testsuite> <!-- testcase5.AmazonProductDetailsTest -->
