<?xml version="1.0" encoding="UTF-8"?>
<!-- Generated by org.testng.reporters.JUnitReportReporter -->
<testsuite hostname="LAPTOP-68TH5204" failures="0" tests="1" name="pages.AmazonSearchProductsPage" time="1.956" errors="0" timestamp="2025-07-11T20:37:14 GST" skipped="0">
  <testcase classname="pages.AmazonSearchProductsPage" name="initialization" time="1.956"/>
  <system-out/>
</testsuite> <!-- pages.AmazonSearchProductsPage -->
