<?xml version="1.0" encoding="UTF-8"?>
<!-- Generated by org.testng.reporters.JUnitReportReporter -->
<testsuite hostname="LAPTOP-68TH5204" failures="0" tests="1" name="testcase2.Adding2ProductTest" time="0.000" errors="0" timestamp="2025-09-28T12:19:57 IST" skipped="1">
  <testcase classname="testcase2.Adding2ProductTest" name="SearchForAProduct1" time="0.000">
    <skipped/>
  </testcase> <!-- SearchForAProduct1 -->
  <system-out/>
</testsuite> <!-- testcase2.Adding2ProductTest -->
