<?xml version="1.0" encoding="UTF-8"?>
<!-- Generated by org.testng.reporters.JUnitReportReporter -->
<testsuite hostname="LAPTOP-68TH5204" failures="0" tests="2" name="testcase5.AmazonSearchProductsTest" time="0.000" errors="0" timestamp="2025-09-28T11:16:48 IST" skipped="2">
  <testcase classname="testcase5.AmazonSearchProductsTest" name="serachedProductPageOpened" time="0.000">
    <skipped/>
  </testcase> <!-- serachedProductPageOpened -->
  <system-out/>
  <testcase classname="testcase5.AmazonSearchProductsTest" name="clickOnRequiredProduct" time="0.000">
    <skipped/>
  </testcase> <!-- clickOnRequiredProduct -->
  <system-out/>
</testsuite> <!-- testcase5.AmazonSearchProductsTest -->
